0 info it worked if it ends with ok
1 verbose cli [ '/usr/local/bin/node', '/usr/local/bin/npm', 'run', 'publish' ]
2 info using npm@3.10.10
3 info using node@v6.11.5
4 verbose run-script [ 'prepublish', 'publish', 'postpublish' ]
5 info lifecycle web-komponents@1.1.4~prepublish: web-komponents@1.1.4
6 silly lifecycle web-komponents@1.1.4~prepublish: no script for prepublish, continuing
7 info lifecycle web-komponents@1.1.4~publish: web-komponents@1.1.4
8 verbose lifecycle web-komponents@1.1.4~publish: unsafe-perm in lifecycle true
9 verbose lifecycle web-komponents@1.1.4~publish: PATH: /usr/local/lib/node_modules/npm/bin/node-gyp-bin:/Users/alpercinar/wk/node_modules/.bin:/Users/alpercinar/.rvm/gems/ruby-2.4.2/bin:/Users/alpercinar/.rvm/gems/ruby-2.4.2@global/bin:/Users/alpercinar/.rvm/rubies/ruby-2.4.2/bin:/Library/Frameworks/Python.framework/Versions/3.6/bin:/usr/local/bin:/usr/bin:/bin:/usr/sbin:/sbin:/Applications/Wireshark.app/Contents/MacOS:/Users/alpercinar/.rvm/bin
10 verbose lifecycle web-komponents@1.1.4~publish: CWD: /Users/alpercinar/wk
11 silly lifecycle web-komponents@1.1.4~publish: Args: [ '-c',
11 silly lifecycle   'gp && cp wk.js bin/wk && npm version patch && npm publish' ]
12 info lifecycle web-komponents@1.1.4~publish: Failed to exec publish script
13 verbose stack Error: web-komponents@1.1.4 publish: `gp && cp wk.js bin/wk && npm version patch && npm publish`
13 verbose stack spawn ENOENT
13 verbose stack     at ChildProcess.<anonymous> (/usr/local/lib/node_modules/npm/lib/utils/spawn.js:33:16)
13 verbose stack     at emitTwo (events.js:106:13)
13 verbose stack     at ChildProcess.emit (events.js:191:7)
13 verbose stack     at maybeClose (internal/child_process.js:920:16)
13 verbose stack     at Process.ChildProcess._handle.onexit (internal/child_process.js:230:5)
14 verbose pkgid web-komponents@1.1.4
15 verbose cwd /Users/alpercinar/wk
16 error Darwin 16.7.0
17 error argv "/usr/local/bin/node" "/usr/local/bin/npm" "run" "publish"
18 error node v6.11.5
19 error npm  v3.10.10
20 error file sh
21 error code ELIFECYCLE
22 error errno ENOENT
23 error syscall spawn
24 error web-komponents@1.1.4 publish: `gp && cp wk.js bin/wk && npm version patch && npm publish`
24 error spawn ENOENT
25 error Failed at the web-komponents@1.1.4 publish script 'gp && cp wk.js bin/wk && npm version patch && npm publish'.
25 error Make sure you have the latest version of node.js and npm installed.
25 error If you do, this is most likely a problem with the web-komponents package,
25 error not with npm itself.
25 error Tell the author that this fails on your system:
25 error     gp && cp wk.js bin/wk && npm version patch && npm publish
25 error You can get information on how to open an issue for this project with:
25 error     npm bugs web-komponents
25 error Or if that isn't available, you can get their info via:
25 error     npm owner ls web-komponents
25 error There is likely additional logging output above.
26 verbose exit [ 1, true ]
